
Showing logs for build [32mcb-kubecd-environment-pr-96-58-c9j2z-1[0m stage [32mfrom-build-pack[0m and container [32mstep-credential-initializer-9hczn[0m
{"level":"warn","ts":1575457066.3388512,"logger":"fallback-logger","caller":"logging/config.go:69","msg":"Fetch GitHub commit ID from kodata failed: \"ref: refs/heads/master\" is not a valid GitHub commit ID"}
{"level":"info","ts":1575457066.3392477,"logger":"fallback-logger","caller":"creds-init/main.go:40","msg":"Credentials initialized."}

Showing logs for build [32mcb-kubecd-environment-pr-96-58-c9j2z-1[0m stage [32mfrom-build-pack[0m and container [32mstep-working-dir-initializer-qxtw4[0m
{"level":"warn","ts":1575457066.7424817,"logger":"fallback-logger","caller":"logging/config.go:69","msg":"Fetch GitHub commit ID from kodata failed: open /var/run/ko/HEAD: no such file or directory"}
{"level":"info","ts":1575457066.743429,"logger":"fallback-logger","caller":"bash/main.go:65","msg":"Successfully executed command \"mkdir -p /workspace/source\""}

Showing logs for build [32mcb-kubecd-environment-pr-96-58-c9j2z-1[0m stage [32mfrom-build-pack[0m and container [32mstep-place-tools[0m

Showing logs for build [32mcb-kubecd-environment-pr-96-58-c9j2z-1[0m stage [32mfrom-build-pack[0m and container [32mstep-git-source-cb-kubecd-environment-pr-96-58-kh59v[0m
{"level":"warn","ts":1575457073.002696,"logger":"fallback-logger","caller":"logging/config.go:69","msg":"Fetch GitHub commit ID from kodata failed: \"ref: refs/heads/master\" is not a valid GitHub commit ID"}
{"level":"info","ts":1575457073.1624837,"logger":"fallback-logger","caller":"git/git.go:102","msg":"Successfully cloned https://github.com/cb-kubecd/environment-pr-96-58-boot-eks-staging.git @ master in path /workspace/source"}

Showing logs for build [32mcb-kubecd-environment-pr-96-58-c9j2z-1[0m stage [32mfrom-build-pack[0m and container [32mstep-git-merge[0m
Using SHAs from PULL_REFS=master:3eb5baa796153333eb9a543d068a664c68762292,4:50658f0400b4f997cf815c7bb1a758abcafbc272
DEBUG: ran git fetch --unshallow origin 50658f0400b4f997cf815c7bb1a758abcafbc272: 3eb5baa796153333eb9a543d068a664c68762292: in 
DEBUG: ran git checkout master in 
DEBUG: ran git reset --hard 3eb5baa796153333eb9a543d068a664c68762292 in 
DEBUG: ran clean --force -d . in 
DEBUG: ran git merge 50658f0400b4f997cf815c7bb1a758abcafbc272 in 
Merged SHA 50658f0400b4f997cf815c7bb1a758abcafbc272 with commit message 'chore: Promote bdd-gh-1575455534 to version 0.0.1' into base branch master

Showing logs for build [32mcb-kubecd-environment-pr-96-58-c9j2z-1[0m stage [32mfrom-build-pack[0m and container [32mstep-build-helm-build[0m
WARNING: No $CHART_REPOSITORY defined so using the default value of: http://jenkins-x-chartmuseum:8080
Adding missing Helm repo: storage.googleapis.com https://storage.googleapis.com/chartmuseum.jenkins-x.io
Read credentials for https://storage.googleapis.com/chartmuseum.jenkins-x.io from vault helm/repos
Successfully added Helm repository storage.googleapis.com.
Adding missing Helm repo: jenkins-x-chartmuseum http://jenkins-x-chartmuseum:8080
Read credentials for http://jenkins-x-chartmuseum:8080 from vault helm/repos
Successfully added Helm repository jenkins-x-chartmuseum.
WARNING: No $CHART_REPOSITORY defined so using the default value of: http://jenkins-x-chartmuseum:8080
Adding missing Helm repo: chartmuseum.jenkins-x.io http://chartmuseum.jenkins-x.io
Read credentials for http://chartmuseum.jenkins-x.io from vault helm/repos
Successfully added Helm repository chartmuseum.jenkins-x.io.
